24.08.2013 14:19:41 ERROR LoggiApp [main] Exception initializing Configuration Service
org.h2.jdbc.JdbcSQLException: Feature not supported: "-web,-webAllowOthers,true,-webPort,8082" [50100-173]
	at org.h2.message.DbException.getJdbcSQLException(DbException.java:331)
	at org.h2.message.DbException.get(DbException.java:171)
	at org.h2.message.DbException.get(DbException.java:148)
	at org.h2.util.Tool.throwUnsupportedOption(Tool.java:66)
	at org.h2.tools.Server.verifyArgs(Server.java:139)
	at org.h2.tools.Server.<init>(Server.java:48)
	at org.h2.tools.Server.createWebServer(Server.java:413)
	at de.dmc.loggi.service.impl.H2WriteServiceImpl.initialize(H2WriteServiceImpl.java:59)
	at de.dmc.loggi.LoggiApp.start(LoggiApp.java:53)
	at de.dmc.loggi.LoggiApp.main(LoggiApp.java:35)
	at sun.reflect.NativeMethodAccessorImpl.invoke0(Native Method)
	at sun.reflect.NativeMethodAccessorImpl.invoke(NativeMethodAccessorImpl.java:57)
	at sun.reflect.DelegatingMethodAccessorImpl.invoke(DelegatingMethodAccessorImpl.java:43)
	at java.lang.reflect.Method.invoke(Method.java:606)
	at com.intellij.rt.execution.application.AppMain.main(AppMain.java:120)
24.08.2013 14:31:18 ERROR LoggiApp [main] Exception initializing Configuration Service
org.h2.jdbc.JdbcSQLException: Feature not supported: "true" [50100-173]
	at org.h2.message.DbException.getJdbcSQLException(DbException.java:331)
	at org.h2.message.DbException.get(DbException.java:171)
	at org.h2.message.DbException.get(DbException.java:148)
	at org.h2.util.Tool.throwUnsupportedOption(Tool.java:66)
	at org.h2.tools.Server.verifyArgs(Server.java:204)
	at org.h2.tools.Server.<init>(Server.java:48)
	at org.h2.tools.Server.createWebServer(Server.java:413)
	at de.dmc.loggi.service.impl.H2WriteServiceImpl.initialize(H2WriteServiceImpl.java:61)
	at de.dmc.loggi.LoggiApp.start(LoggiApp.java:53)
	at de.dmc.loggi.LoggiApp.main(LoggiApp.java:35)
	at sun.reflect.NativeMethodAccessorImpl.invoke0(Native Method)
	at sun.reflect.NativeMethodAccessorImpl.invoke(NativeMethodAccessorImpl.java:57)
	at sun.reflect.DelegatingMethodAccessorImpl.invoke(DelegatingMethodAccessorImpl.java:43)
	at java.lang.reflect.Method.invoke(Method.java:606)
	at com.intellij.rt.execution.application.AppMain.main(AppMain.java:120)
24.08.2013 14:31:36 ERROR LoggiApp [main] Exception initializing Configuration Service
org.h2.jdbc.JdbcSQLException: Feature not supported: "-webAllowOthers true" [50100-173]
	at org.h2.message.DbException.getJdbcSQLException(DbException.java:331)
	at org.h2.message.DbException.get(DbException.java:171)
	at org.h2.message.DbException.get(DbException.java:148)
	at org.h2.util.Tool.throwUnsupportedOption(Tool.java:66)
	at org.h2.tools.Server.verifyArgs(Server.java:139)
	at org.h2.tools.Server.<init>(Server.java:48)
	at org.h2.tools.Server.createWebServer(Server.java:413)
	at de.dmc.loggi.service.impl.H2WriteServiceImpl.initialize(H2WriteServiceImpl.java:61)
	at de.dmc.loggi.LoggiApp.start(LoggiApp.java:53)
	at de.dmc.loggi.LoggiApp.main(LoggiApp.java:35)
	at sun.reflect.NativeMethodAccessorImpl.invoke0(Native Method)
	at sun.reflect.NativeMethodAccessorImpl.invoke(NativeMethodAccessorImpl.java:57)
	at sun.reflect.DelegatingMethodAccessorImpl.invoke(DelegatingMethodAccessorImpl.java:43)
	at java.lang.reflect.Method.invoke(Method.java:606)
	at com.intellij.rt.execution.application.AppMain.main(AppMain.java:120)
24.08.2013 14:33:08 ERROR LoggiApp [main] Exception initializing Configuration Service
org.h2.jdbc.JdbcSQLException: Feature not supported: "-webPort 8082" [50100-173]
	at org.h2.message.DbException.getJdbcSQLException(DbException.java:331)
	at org.h2.message.DbException.get(DbException.java:171)
	at org.h2.message.DbException.get(DbException.java:148)
	at org.h2.util.Tool.throwUnsupportedOption(Tool.java:66)
	at org.h2.tools.Server.verifyArgs(Server.java:139)
	at org.h2.tools.Server.<init>(Server.java:48)
	at org.h2.tools.Server.createWebServer(Server.java:413)
	at de.dmc.loggi.service.impl.H2WriteServiceImpl.initialize(H2WriteServiceImpl.java:61)
	at de.dmc.loggi.LoggiApp.start(LoggiApp.java:53)
	at de.dmc.loggi.LoggiApp.main(LoggiApp.java:35)
	at sun.reflect.NativeMethodAccessorImpl.invoke0(Native Method)
	at sun.reflect.NativeMethodAccessorImpl.invoke(NativeMethodAccessorImpl.java:57)
	at sun.reflect.DelegatingMethodAccessorImpl.invoke(DelegatingMethodAccessorImpl.java:43)
	at java.lang.reflect.Method.invoke(Method.java:606)
	at com.intellij.rt.execution.application.AppMain.main(AppMain.java:120)
24.08.2013 14:34:13 ERROR H2WriteServiceImpl [ColumnProcessor1] Exception processing record
org.h2.jdbc.JdbcSQLException: Table "RECORDS" not found; SQL statement:
insert into records(date,level) values ('21.08.2013','ERROR') [42102-173]
	at org.h2.message.DbException.getJdbcSQLException(DbException.java:331)
	at org.h2.message.DbException.get(DbException.java:171)
	at org.h2.message.DbException.get(DbException.java:148)
	at org.h2.command.Parser.readTableOrView(Parser.java:4864)
	at org.h2.command.Parser.readTableOrView(Parser.java:4842)
	at org.h2.command.Parser.parseInsert(Parser.java:974)
	at org.h2.command.Parser.parsePrepared(Parser.java:375)
	at org.h2.command.Parser.parse(Parser.java:279)
	at org.h2.command.Parser.parse(Parser.java:251)
	at org.h2.command.Parser.prepareCommand(Parser.java:218)
	at org.h2.engine.Session.prepareLocal(Session.java:428)
	at org.h2.engine.Session.prepareCommand(Session.java:377)
	at org.h2.jdbc.JdbcConnection.prepareCommand(JdbcConnection.java:1138)
	at org.h2.jdbc.JdbcPreparedStatement.<init>(JdbcPreparedStatement.java:70)
	at org.h2.jdbc.JdbcConnection.prepareStatement(JdbcConnection.java:267)
	at de.dmc.loggi.service.impl.H2WriteServiceImpl.processRecord(H2WriteServiceImpl.java:46)
	at de.dmc.loggi.service.impl.ReadServiceImpl$RecordTask.call(ReadServiceImpl.java:95)
	at java.util.concurrent.FutureTask$Sync.innerRun(FutureTask.java:334)
	at java.util.concurrent.FutureTask.run(FutureTask.java:166)
	at java.util.concurrent.ThreadPoolExecutor.runWorker(ThreadPoolExecutor.java:1145)
	at java.util.concurrent.ThreadPoolExecutor$Worker.run(ThreadPoolExecutor.java:615)
	at java.lang.Thread.run(Thread.java:724)
24.08.2013 14:34:13 ERROR H2WriteServiceImpl [ColumnProcessor3] Exception processing record
org.h2.jdbc.JdbcSQLException: Table "RECORDS" not found; SQL statement:
insert into records(date,level) values ('23.08.2013','ERROR') [42102-173]
	at org.h2.message.DbException.getJdbcSQLException(DbException.java:331)
	at org.h2.message.DbException.get(DbException.java:171)
	at org.h2.message.DbException.get(DbException.java:148)
	at org.h2.command.Parser.readTableOrView(Parser.java:4864)
	at org.h2.command.Parser.readTableOrView(Parser.java:4842)
	at org.h2.command.Parser.parseInsert(Parser.java:974)
	at org.h2.command.Parser.parsePrepared(Parser.java:375)
	at org.h2.command.Parser.parse(Parser.java:279)
	at org.h2.command.Parser.parse(Parser.java:251)
	at org.h2.command.Parser.prepareCommand(Parser.java:218)
	at org.h2.engine.Session.prepareLocal(Session.java:428)
	at org.h2.engine.Session.prepareCommand(Session.java:377)
	at org.h2.jdbc.JdbcConnection.prepareCommand(JdbcConnection.java:1138)
	at org.h2.jdbc.JdbcPreparedStatement.<init>(JdbcPreparedStatement.java:70)
	at org.h2.jdbc.JdbcConnection.prepareStatement(JdbcConnection.java:267)
	at de.dmc.loggi.service.impl.H2WriteServiceImpl.processRecord(H2WriteServiceImpl.java:46)
	at de.dmc.loggi.service.impl.ReadServiceImpl$RecordTask.call(ReadServiceImpl.java:95)
	at java.util.concurrent.FutureTask$Sync.innerRun(FutureTask.java:334)
	at java.util.concurrent.FutureTask.run(FutureTask.java:166)
	at java.util.concurrent.ThreadPoolExecutor.runWorker(ThreadPoolExecutor.java:1145)
	at java.util.concurrent.ThreadPoolExecutor$Worker.run(ThreadPoolExecutor.java:615)
	at java.lang.Thread.run(Thread.java:724)
24.08.2013 14:34:13 ERROR H2WriteServiceImpl [ColumnProcessor2] Exception processing record
org.h2.jdbc.JdbcSQLException: Table "RECORDS" not found; SQL statement:
insert into records(date,level) values ('22.08.2013','ERROR') [42102-173]
	at org.h2.message.DbException.getJdbcSQLException(DbException.java:331)
	at org.h2.message.DbException.get(DbException.java:171)
	at org.h2.message.DbException.get(DbException.java:148)
	at org.h2.command.Parser.readTableOrView(Parser.java:4864)
	at org.h2.command.Parser.readTableOrView(Parser.java:4842)
	at org.h2.command.Parser.parseInsert(Parser.java:974)
	at org.h2.command.Parser.parsePrepared(Parser.java:375)
	at org.h2.command.Parser.parse(Parser.java:279)
	at org.h2.command.Parser.parse(Parser.java:251)
	at org.h2.command.Parser.prepareCommand(Parser.java:218)
	at org.h2.engine.Session.prepareLocal(Session.java:428)
	at org.h2.engine.Session.prepareCommand(Session.java:377)
	at org.h2.jdbc.JdbcConnection.prepareCommand(JdbcConnection.java:1138)
	at org.h2.jdbc.JdbcPreparedStatement.<init>(JdbcPreparedStatement.java:70)
	at org.h2.jdbc.JdbcConnection.prepareStatement(JdbcConnection.java:267)
	at de.dmc.loggi.service.impl.H2WriteServiceImpl.processRecord(H2WriteServiceImpl.java:46)
	at de.dmc.loggi.service.impl.ReadServiceImpl$RecordTask.call(ReadServiceImpl.java:95)
	at java.util.concurrent.FutureTask$Sync.innerRun(FutureTask.java:334)
	at java.util.concurrent.FutureTask.run(FutureTask.java:166)
	at java.util.concurrent.ThreadPoolExecutor.runWorker(ThreadPoolExecutor.java:1145)
	at java.util.concurrent.ThreadPoolExecutor$Worker.run(ThreadPoolExecutor.java:615)
	at java.lang.Thread.run(Thread.java:724)
24.08.2013 15:47:31 ERROR LoggiApp [main] Exception initializing Configuration Service
org.h2.jdbc.JdbcSQLException: Syntax error in SQL statement "CREATE TABLE RECORDS(DATE VARCHAR(NULL[*]), LEVEL VARCHAR(NULL)) "; expected "long"; SQL statement:
create table records(date varchar(null), level varchar(null)) [42001-173]
	at org.h2.message.DbException.getJdbcSQLException(DbException.java:331)
	at org.h2.message.DbException.get(DbException.java:171)
	at org.h2.message.DbException.getSyntaxError(DbException.java:196)
	at org.h2.command.Parser.readLong(Parser.java:2772)
	at org.h2.command.Parser.parseColumnWithType(Parser.java:3739)
	at org.h2.command.Parser.parseColumnForTable(Parser.java:3586)
	at org.h2.command.Parser.parseCreateTable(Parser.java:5318)
	at org.h2.command.Parser.parseCreate(Parser.java:3873)
	at org.h2.command.Parser.parsePrepared(Parser.java:324)
	at org.h2.command.Parser.parse(Parser.java:279)
	at org.h2.command.Parser.parse(Parser.java:251)
	at org.h2.command.Parser.prepareCommand(Parser.java:218)
	at org.h2.engine.Session.prepareLocal(Session.java:428)
	at org.h2.engine.Session.prepareCommand(Session.java:377)
	at org.h2.jdbc.JdbcConnection.prepareCommand(JdbcConnection.java:1138)
	at org.h2.jdbc.JdbcPreparedStatement.<init>(JdbcPreparedStatement.java:70)
	at org.h2.jdbc.JdbcConnection.prepareStatement(JdbcConnection.java:267)
	at de.dmc.loggi.service.impl.H2WriteServiceImpl.initialize(H2WriteServiceImpl.java:80)
	at de.dmc.loggi.LoggiApp.start(LoggiApp.java:53)
	at de.dmc.loggi.LoggiApp.main(LoggiApp.java:35)
	at sun.reflect.NativeMethodAccessorImpl.invoke0(Native Method)
	at sun.reflect.NativeMethodAccessorImpl.invoke(NativeMethodAccessorImpl.java:57)
	at sun.reflect.DelegatingMethodAccessorImpl.invoke(DelegatingMethodAccessorImpl.java:43)
	at java.lang.reflect.Method.invoke(Method.java:606)
	at com.intellij.rt.execution.application.AppMain.main(AppMain.java:120)
24.08.2013 15:52:24 ERROR LoggiApp [main] Exception initializing Configuration Service
org.h2.jdbc.JdbcSQLException: Exception opening port "8082" (port may be in use), cause: "java.net.BindException: Address already in use" [90061-173]
	at org.h2.message.DbException.getJdbcSQLException(DbException.java:331)
	at org.h2.message.DbException.get(DbException.java:160)
	at org.h2.util.NetUtils.createServerSocketTry(NetUtils.java:190)
	at org.h2.util.NetUtils.createServerSocket(NetUtils.java:156)
	at org.h2.server.web.WebServer.start(WebServer.java:336)
	at org.h2.tools.Server.start(Server.java:459)
	at de.dmc.loggi.service.impl.H2WriteServiceImpl.initialize(H2WriteServiceImpl.java:64)
	at de.dmc.loggi.LoggiApp.start(LoggiApp.java:53)
	at de.dmc.loggi.LoggiApp.main(LoggiApp.java:35)
	at sun.reflect.NativeMethodAccessorImpl.invoke0(Native Method)
	at sun.reflect.NativeMethodAccessorImpl.invoke(NativeMethodAccessorImpl.java:57)
	at sun.reflect.DelegatingMethodAccessorImpl.invoke(DelegatingMethodAccessorImpl.java:43)
	at java.lang.reflect.Method.invoke(Method.java:606)
	at com.intellij.rt.execution.application.AppMain.main(AppMain.java:120)
Caused by: java.net.BindException: Address already in use
	at java.net.PlainSocketImpl.socketBind(Native Method)
	at java.net.AbstractPlainSocketImpl.bind(AbstractPlainSocketImpl.java:376)
	at java.net.ServerSocket.bind(ServerSocket.java:376)
	at java.net.ServerSocket.<init>(ServerSocket.java:237)
	at java.net.ServerSocket.<init>(ServerSocket.java:128)
	at org.h2.util.NetUtils.createServerSocketTry(NetUtils.java:186)
	... 11 more
24.08.2013 15:54:01 ERROR LoggiApp [main] Exception initializing Configuration Service
org.h2.jdbc.JdbcSQLException: Syntax error in SQL statement "CREATE TABLE RECORDS(DATE VARCHAR(NULL[*]), LEVEL VARCHAR(NULL)) "; expected "long"; SQL statement:
create table records(date varchar(null), level varchar(null)) [42001-173]
	at org.h2.message.DbException.getJdbcSQLException(DbException.java:331)
	at org.h2.message.DbException.get(DbException.java:171)
	at org.h2.message.DbException.getSyntaxError(DbException.java:196)
	at org.h2.command.Parser.readLong(Parser.java:2772)
	at org.h2.command.Parser.parseColumnWithType(Parser.java:3739)
	at org.h2.command.Parser.parseColumnForTable(Parser.java:3586)
	at org.h2.command.Parser.parseCreateTable(Parser.java:5318)
	at org.h2.command.Parser.parseCreate(Parser.java:3873)
	at org.h2.command.Parser.parsePrepared(Parser.java:324)
	at org.h2.command.Parser.parse(Parser.java:279)
	at org.h2.command.Parser.parse(Parser.java:251)
	at org.h2.command.Parser.prepareCommand(Parser.java:218)
	at org.h2.engine.Session.prepareLocal(Session.java:428)
	at org.h2.engine.Session.prepareCommand(Session.java:377)
	at org.h2.jdbc.JdbcConnection.prepareCommand(JdbcConnection.java:1138)
	at org.h2.jdbc.JdbcPreparedStatement.<init>(JdbcPreparedStatement.java:70)
	at org.h2.jdbc.JdbcConnection.prepareStatement(JdbcConnection.java:267)
	at de.dmc.loggi.service.impl.H2WriteServiceImpl.initialize(H2WriteServiceImpl.java:80)
	at de.dmc.loggi.LoggiApp.start(LoggiApp.java:53)
	at de.dmc.loggi.LoggiApp.main(LoggiApp.java:35)
	at sun.reflect.NativeMethodAccessorImpl.invoke0(Native Method)
	at sun.reflect.NativeMethodAccessorImpl.invoke(NativeMethodAccessorImpl.java:57)
	at sun.reflect.DelegatingMethodAccessorImpl.invoke(DelegatingMethodAccessorImpl.java:43)
	at java.lang.reflect.Method.invoke(Method.java:606)
	at com.intellij.rt.execution.application.AppMain.main(AppMain.java:120)
24.08.2013 16:41:32 ERROR LoggiApp [main] Exception initializing Configuration Service
org.h2.jdbc.JdbcSQLException: Exception opening port "8082" (port may be in use), cause: "java.net.BindException: Address already in use" [90061-173]
	at org.h2.message.DbException.getJdbcSQLException(DbException.java:331)
	at org.h2.message.DbException.get(DbException.java:160)
	at org.h2.util.NetUtils.createServerSocketTry(NetUtils.java:190)
	at org.h2.util.NetUtils.createServerSocket(NetUtils.java:156)
	at org.h2.server.web.WebServer.start(WebServer.java:336)
	at org.h2.tools.Server.start(Server.java:459)
	at de.dmc.loggi.service.impl.H2WriteServiceImpl.initialize(H2WriteServiceImpl.java:64)
	at de.dmc.loggi.LoggiApp.start(LoggiApp.java:53)
	at de.dmc.loggi.LoggiApp.main(LoggiApp.java:35)
Caused by: java.net.BindException: Address already in use
	at java.net.PlainSocketImpl.socketBind(Native Method)
	at java.net.AbstractPlainSocketImpl.bind(AbstractPlainSocketImpl.java:376)
	at java.net.ServerSocket.bind(ServerSocket.java:376)
	at java.net.ServerSocket.<init>(ServerSocket.java:237)
	at java.net.ServerSocket.<init>(ServerSocket.java:128)
	at org.h2.util.NetUtils.createServerSocketTry(NetUtils.java:186)
	... 6 more
24.08.2013 16:47:03 ERROR ConfigurationService [main] Exception instantiating column, name:date processor:de.dmc.loggi.processors.impl.RegexMatchProcessor
java.lang.reflect.InvocationTargetException
	at sun.reflect.NativeConstructorAccessorImpl.newInstance0(Native Method)
	at sun.reflect.NativeConstructorAccessorImpl.newInstance(NativeConstructorAccessorImpl.java:57)
	at sun.reflect.DelegatingConstructorAccessorImpl.newInstance(DelegatingConstructorAccessorImpl.java:45)
	at java.lang.reflect.Constructor.newInstance(Constructor.java:526)
	at de.dmc.loggi.service.impl.ConfigurationServiceImpl.initializeColumn(ConfigurationServiceImpl.java:56)
	at de.dmc.loggi.service.impl.ConfigurationServiceImpl.initialize(ConfigurationServiceImpl.java:43)
	at de.dmc.loggi.LoggiApp.start(LoggiApp.java:51)
	at de.dmc.loggi.LoggiApp.main(LoggiApp.java:35)
Caused by: de.dmc.loggi.exceptions.ConfigurationException: Missing required attribute 'regex' for column 'date'
	at de.dmc.loggi.processors.AbstractColumnProcessor.<init>(AbstractColumnProcessor.java:41)
	at de.dmc.loggi.processors.impl.RegexMatchProcessor.<init>(RegexMatchProcessor.java:24)
	... 8 more
24.08.2013 16:47:40 ERROR ConfigurationService [main] Exception instantiating column, name:date processor:de.dmc.loggi.processors.impl.RegexMatchProcessor
java.lang.reflect.InvocationTargetException
	at sun.reflect.NativeConstructorAccessorImpl.newInstance0(Native Method)
	at sun.reflect.NativeConstructorAccessorImpl.newInstance(NativeConstructorAccessorImpl.java:57)
	at sun.reflect.DelegatingConstructorAccessorImpl.newInstance(DelegatingConstructorAccessorImpl.java:45)
	at java.lang.reflect.Constructor.newInstance(Constructor.java:526)
	at de.dmc.loggi.service.impl.ConfigurationServiceImpl.initializeColumn(ConfigurationServiceImpl.java:56)
	at de.dmc.loggi.service.impl.ConfigurationServiceImpl.initialize(ConfigurationServiceImpl.java:43)
	at de.dmc.loggi.LoggiApp.start(LoggiApp.java:51)
	at de.dmc.loggi.LoggiApp.main(LoggiApp.java:35)
Caused by: de.dmc.loggi.exceptions.ConfigurationException: Missing required attribute 'regex' for column 'date'
	at de.dmc.loggi.processors.AbstractColumnProcessor.<init>(AbstractColumnProcessor.java:41)
	at de.dmc.loggi.processors.impl.RegexMatchProcessor.<init>(RegexMatchProcessor.java:24)
	... 8 more
24.08.2013 16:48:36 ERROR ConfigurationService [main] Exception instantiating column, name:date processor:de.dmc.loggi.processors.impl.RegexMatchProcessor
java.lang.reflect.InvocationTargetException
	at sun.reflect.NativeConstructorAccessorImpl.newInstance0(Native Method)
	at sun.reflect.NativeConstructorAccessorImpl.newInstance(NativeConstructorAccessorImpl.java:57)
	at sun.reflect.DelegatingConstructorAccessorImpl.newInstance(DelegatingConstructorAccessorImpl.java:45)
	at java.lang.reflect.Constructor.newInstance(Constructor.java:526)
	at de.dmc.loggi.service.impl.ConfigurationServiceImpl.initializeColumn(ConfigurationServiceImpl.java:56)
	at de.dmc.loggi.service.impl.ConfigurationServiceImpl.initialize(ConfigurationServiceImpl.java:43)
	at de.dmc.loggi.LoggiApp.start(LoggiApp.java:51)
	at de.dmc.loggi.LoggiApp.main(LoggiApp.java:35)
Caused by: de.dmc.loggi.exceptions.ConfigurationException: Missing required attribute 'regex' for column 'date'
	at de.dmc.loggi.processors.AbstractColumnProcessor.<init>(AbstractColumnProcessor.java:41)
	at de.dmc.loggi.processors.impl.RegexMatchProcessor.<init>(RegexMatchProcessor.java:24)
	... 8 more
24.08.2013 16:48:36 ERROR LoggiApp [main] Exception initializing Configuration Service
org.h2.jdbc.JdbcSQLException: Exception opening port "8082" (port may be in use), cause: "java.net.BindException: Address already in use" [90061-173]
	at org.h2.message.DbException.getJdbcSQLException(DbException.java:331)
	at org.h2.message.DbException.get(DbException.java:160)
	at org.h2.util.NetUtils.createServerSocketTry(NetUtils.java:190)
	at org.h2.util.NetUtils.createServerSocket(NetUtils.java:156)
	at org.h2.server.web.WebServer.start(WebServer.java:336)
	at org.h2.tools.Server.start(Server.java:459)
	at de.dmc.loggi.service.impl.H2WriteServiceImpl.initialize(H2WriteServiceImpl.java:64)
	at de.dmc.loggi.LoggiApp.start(LoggiApp.java:53)
	at de.dmc.loggi.LoggiApp.main(LoggiApp.java:35)
Caused by: java.net.BindException: Address already in use
	at java.net.PlainSocketImpl.socketBind(Native Method)
	at java.net.AbstractPlainSocketImpl.bind(AbstractPlainSocketImpl.java:376)
	at java.net.ServerSocket.bind(ServerSocket.java:376)
	at java.net.ServerSocket.<init>(ServerSocket.java:237)
	at java.net.ServerSocket.<init>(ServerSocket.java:128)
	at org.h2.util.NetUtils.createServerSocketTry(NetUtils.java:186)
	... 6 more
24.08.2013 16:48:55 ERROR ConfigurationService [main] Exception instantiating column, name:date processor:de.dmc.loggi.processors.impl.RegexMatchProcessor
java.lang.reflect.InvocationTargetException
	at sun.reflect.NativeConstructorAccessorImpl.newInstance0(Native Method)
	at sun.reflect.NativeConstructorAccessorImpl.newInstance(NativeConstructorAccessorImpl.java:57)
	at sun.reflect.DelegatingConstructorAccessorImpl.newInstance(DelegatingConstructorAccessorImpl.java:45)
	at java.lang.reflect.Constructor.newInstance(Constructor.java:526)
	at de.dmc.loggi.service.impl.ConfigurationServiceImpl.initializeColumn(ConfigurationServiceImpl.java:56)
	at de.dmc.loggi.service.impl.ConfigurationServiceImpl.initialize(ConfigurationServiceImpl.java:43)
	at de.dmc.loggi.LoggiApp.start(LoggiApp.java:51)
	at de.dmc.loggi.LoggiApp.main(LoggiApp.java:35)
Caused by: de.dmc.loggi.exceptions.ConfigurationException: Missing required attribute 'regex' for column 'date'
	at de.dmc.loggi.processors.AbstractColumnProcessor.<init>(AbstractColumnProcessor.java:41)
	at de.dmc.loggi.processors.impl.RegexMatchProcessor.<init>(RegexMatchProcessor.java:24)
	... 8 more
24.08.2013 18:49:20 ERROR HelpServiceImpl [main] Exception compiling column processor usage info
java.lang.IllegalArgumentException: wrong number of arguments
	at sun.reflect.NativeConstructorAccessorImpl.newInstance0(Native Method)
	at sun.reflect.NativeConstructorAccessorImpl.newInstance(NativeConstructorAccessorImpl.java:57)
	at sun.reflect.DelegatingConstructorAccessorImpl.newInstance(DelegatingConstructorAccessorImpl.java:45)
	at java.lang.reflect.Constructor.newInstance(Constructor.java:526)
	at de.dmc.loggi.service.impl.HelpServiceImpl.printHelp(HelpServiceImpl.java:50)
	at de.dmc.loggi.LoggiApp.start(LoggiApp.java:50)
	at de.dmc.loggi.LoggiApp.main(LoggiApp.java:33)
24.08.2013 18:49:20 ERROR HelpServiceImpl [main] Exception compiling column processor usage info
java.lang.IllegalArgumentException: wrong number of arguments
	at sun.reflect.NativeConstructorAccessorImpl.newInstance0(Native Method)
	at sun.reflect.NativeConstructorAccessorImpl.newInstance(NativeConstructorAccessorImpl.java:57)
	at sun.reflect.DelegatingConstructorAccessorImpl.newInstance(DelegatingConstructorAccessorImpl.java:45)
	at java.lang.reflect.Constructor.newInstance(Constructor.java:526)
	at de.dmc.loggi.service.impl.HelpServiceImpl.printHelp(HelpServiceImpl.java:50)
	at de.dmc.loggi.LoggiApp.start(LoggiApp.java:50)
	at de.dmc.loggi.LoggiApp.main(LoggiApp.java:33)
24.08.2013 18:50:01 ERROR HelpServiceImpl [main] Exception compiling column processor usage info
java.lang.IllegalArgumentException: wrong number of arguments
	at sun.reflect.NativeConstructorAccessorImpl.newInstance0(Native Method)
	at sun.reflect.NativeConstructorAccessorImpl.newInstance(NativeConstructorAccessorImpl.java:57)
	at sun.reflect.DelegatingConstructorAccessorImpl.newInstance(DelegatingConstructorAccessorImpl.java:45)
	at java.lang.reflect.Constructor.newInstance(Constructor.java:526)
	at de.dmc.loggi.service.impl.HelpServiceImpl.printHelp(HelpServiceImpl.java:50)
	at de.dmc.loggi.LoggiApp.start(LoggiApp.java:50)
	at de.dmc.loggi.LoggiApp.main(LoggiApp.java:33)
24.08.2013 18:50:01 ERROR HelpServiceImpl [main] Exception compiling column processor usage info
java.lang.IllegalArgumentException: wrong number of arguments
	at sun.reflect.NativeConstructorAccessorImpl.newInstance0(Native Method)
	at sun.reflect.NativeConstructorAccessorImpl.newInstance(NativeConstructorAccessorImpl.java:57)
	at sun.reflect.DelegatingConstructorAccessorImpl.newInstance(DelegatingConstructorAccessorImpl.java:45)
	at java.lang.reflect.Constructor.newInstance(Constructor.java:526)
	at de.dmc.loggi.service.impl.HelpServiceImpl.printHelp(HelpServiceImpl.java:50)
	at de.dmc.loggi.LoggiApp.start(LoggiApp.java:50)
	at de.dmc.loggi.LoggiApp.main(LoggiApp.java:33)
24.08.2013 18:56:12 ERROR HelpServiceImpl [main] Exception compiling column processor usage info
java.lang.reflect.InvocationTargetException
	at sun.reflect.NativeConstructorAccessorImpl.newInstance0(Native Method)
	at sun.reflect.NativeConstructorAccessorImpl.newInstance(NativeConstructorAccessorImpl.java:57)
	at sun.reflect.DelegatingConstructorAccessorImpl.newInstance(DelegatingConstructorAccessorImpl.java:45)
	at java.lang.reflect.Constructor.newInstance(Constructor.java:526)
	at de.dmc.loggi.service.impl.HelpServiceImpl.printHelp(HelpServiceImpl.java:50)
	at de.dmc.loggi.LoggiApp.start(LoggiApp.java:50)
	at de.dmc.loggi.LoggiApp.main(LoggiApp.java:33)
Caused by: de.dmc.loggi.exceptions.ConfigurationException: Missing required attribute 'regex' for column 'null'
	at de.dmc.loggi.processors.AbstractColumnProcessor.<init>(AbstractColumnProcessor.java:41)
	at de.dmc.loggi.processors.impl.RegexMatchProcessor.<init>(RegexMatchProcessor.java:24)
	... 7 more
25.08.2013 14:24:42 ERROR LoggiApp [main] Exception initializing Configuration Service
org.h2.jdbc.JdbcSQLException: Exception opening port "8082" (port may be in use), cause: "java.net.BindException: Address already in use" [90061-173]
	at org.h2.message.DbException.getJdbcSQLException(DbException.java:331)
	at org.h2.message.DbException.get(DbException.java:160)
	at org.h2.util.NetUtils.createServerSocketTry(NetUtils.java:190)
	at org.h2.util.NetUtils.createServerSocket(NetUtils.java:156)
	at org.h2.server.web.WebServer.start(WebServer.java:336)
	at org.h2.tools.Server.start(Server.java:459)
	at de.dmc.loggi.service.impl.H2WriteServiceImpl.initialize(H2WriteServiceImpl.java:65)
	at de.dmc.loggi.LoggiApp.start(LoggiApp.java:67)
	at de.dmc.loggi.LoggiApp.main(LoggiApp.java:35)
Caused by: java.net.BindException: Address already in use
	at java.net.PlainSocketImpl.socketBind(Native Method)
	at java.net.AbstractPlainSocketImpl.bind(AbstractPlainSocketImpl.java:376)
	at java.net.ServerSocket.bind(ServerSocket.java:376)
	at java.net.ServerSocket.<init>(ServerSocket.java:237)
	at java.net.ServerSocket.<init>(ServerSocket.java:128)
	at org.h2.util.NetUtils.createServerSocketTry(NetUtils.java:186)
	... 6 more
25.08.2013 14:26:37 DEBUG StandardEnvironment [main] Initializing new StandardEnvironment
25.08.2013 14:26:37 DEBUG StandardEnvironment [main] Adding [systemProperties] PropertySource with lowest search precedence
25.08.2013 14:26:37 DEBUG StandardEnvironment [main] Adding [systemEnvironment] PropertySource with lowest search precedence
25.08.2013 14:26:37 DEBUG StandardEnvironment [main] Initialized StandardEnvironment with PropertySources [systemProperties,systemEnvironment]
25.08.2013 14:26:37 DEBUG StandardEnvironment [main] Initializing new StandardEnvironment
25.08.2013 14:26:37 DEBUG StandardEnvironment [main] Adding [systemProperties] PropertySource with lowest search precedence
25.08.2013 14:26:37 DEBUG StandardEnvironment [main] Adding [systemEnvironment] PropertySource with lowest search precedence
25.08.2013 14:26:37 DEBUG StandardEnvironment [main] Initialized StandardEnvironment with PropertySources [systemProperties,systemEnvironment]
25.08.2013 14:26:37 INFO XmlBeanDefinitionReader [main] Loading XML bean definitions from class path resource [sp-loggi.xml]
25.08.2013 14:26:37 DEBUG DefaultDocumentLoader [main] Using JAXP provider [com.sun.org.apache.xerces.internal.jaxp.DocumentBuilderFactoryImpl]
25.08.2013 14:26:37 DEBUG PluggableSchemaResolver [main] Loading schema mappings from [META-INF/spring.schemas]
25.08.2013 14:26:37 DEBUG PluggableSchemaResolver [main] Loaded schema mappings: {http://www.springframework.org/schema/util/spring-util.xsd=org/springframework/beans/factory/xml/spring-util-3.2.xsd, http://www.springframework.org/schema/jee/spring-jee-3.2.xsd=org/springframework/ejb/config/spring-jee-3.2.xsd, http://www.springframework.org/schema/beans/spring-beans-3.1.xsd=org/springframework/beans/factory/xml/spring-beans-3.1.xsd, http://www.springframework.org/schema/task/spring-task.xsd=org/springframework/scheduling/config/spring-task-3.2.xsd, http://www.springframework.org/schema/cache/spring-cache.xsd=org/springframework/cache/config/spring-cache-3.2.xsd, http://www.springframework.org/schema/aop/spring-aop-3.0.xsd=org/springframework/aop/config/spring-aop-3.0.xsd, http://www.springframework.org/schema/aop/spring-aop-2.0.xsd=org/springframework/aop/config/spring-aop-2.0.xsd, http://www.springframework.org/schema/task/spring-task-3.1.xsd=org/springframework/scheduling/config/spring-task-3.1.xsd, http://www.springframework.org/schema/tool/spring-tool-2.5.xsd=org/springframework/beans/factory/xml/spring-tool-2.5.xsd, http://www.springframework.org/schema/beans/spring-beans.xsd=org/springframework/beans/factory/xml/spring-beans-3.2.xsd, http://www.springframework.org/schema/jee/spring-jee-2.5.xsd=org/springframework/ejb/config/spring-jee-2.5.xsd, http://www.springframework.org/schema/tool/spring-tool-3.1.xsd=org/springframework/beans/factory/xml/spring-tool-3.1.xsd, http://www.springframework.org/schema/aop/spring-aop.xsd=org/springframework/aop/config/spring-aop-3.2.xsd, http://www.springframework.org/schema/jee/spring-jee-3.1.xsd=org/springframework/ejb/config/spring-jee-3.1.xsd, http://www.springframework.org/schema/context/spring-context-3.2.xsd=org/springframework/context/config/spring-context-3.2.xsd, http://www.springframework.org/schema/util/spring-util-3.2.xsd=org/springframework/beans/factory/xml/spring-util-3.2.xsd, http://www.springframework.org/schema/beans/spring-beans-2.0.xsd=org/springframework/beans/factory/xml/spring-beans-2.0.xsd, http://www.springframework.org/schema/lang/spring-lang-3.2.xsd=org/springframework/scripting/config/spring-lang-3.2.xsd, http://www.springframework.org/schema/beans/spring-beans-3.0.xsd=org/springframework/beans/factory/xml/spring-beans-3.0.xsd, http://www.springframework.org/schema/cache/spring-cache-3.2.xsd=org/springframework/cache/config/spring-cache-3.2.xsd, http://www.springframework.org/schema/task/spring-task-3.0.xsd=org/springframework/scheduling/config/spring-task-3.0.xsd, http://www.springframework.org/schema/context/spring-context-2.5.xsd=org/springframework/context/config/spring-context-2.5.xsd, http://www.springframework.org/schema/tool/spring-tool-3.0.xsd=org/springframework/beans/factory/xml/spring-tool-3.0.xsd, http://www.springframework.org/schema/util/spring-util-2.5.xsd=org/springframework/beans/factory/xml/spring-util-2.5.xsd, http://www.springframework.org/schema/tool/spring-tool-2.0.xsd=org/springframework/beans/factory/xml/spring-tool-2.0.xsd, http://www.springframework.org/schema/lang/spring-lang.xsd=org/springframework/scripting/config/spring-lang-3.2.xsd, http://www.springframework.org/schema/lang/spring-lang-2.5.xsd=org/springframework/scripting/config/spring-lang-2.5.xsd, http://www.springframework.org/schema/aop/spring-aop-3.2.xsd=org/springframework/aop/config/spring-aop-3.2.xsd, http://www.springframework.org/schema/jee/spring-jee-3.0.xsd=org/springframework/ejb/config/spring-jee-3.0.xsd, http://www.springframework.org/schema/jee/spring-jee-2.0.xsd=org/springframework/ejb/config/spring-jee-2.0.xsd, http://www.springframework.org/schema/context/spring-context-3.1.xsd=org/springframework/context/config/spring-context-3.1.xsd, http://www.springframework.org/schema/util/spring-util-3.1.xsd=org/springframework/beans/factory/xml/spring-util-3.1.xsd, http://www.springframework.org/schema/lang/spring-lang-3.1.xsd=org/springframework/scripting/config/spring-lang-3.1.xsd, http://www.springframework.org/schema/cache/spring-cache-3.1.xsd=org/springframework/cache/config/spring-cache-3.1.xsd, http://www.springframework.org/schema/context/spring-context.xsd=org/springframework/context/config/spring-context-3.2.xsd, http://www.springframework.org/schema/jee/spring-jee.xsd=org/springframework/ejb/config/spring-jee-3.2.xsd, http://www.springframework.org/schema/aop/spring-aop-2.5.xsd=org/springframework/aop/config/spring-aop-2.5.xsd, http://www.springframework.org/schema/beans/spring-beans-3.2.xsd=org/springframework/beans/factory/xml/spring-beans-3.2.xsd, http://www.springframework.org/schema/aop/spring-aop-3.1.xsd=org/springframework/aop/config/spring-aop-3.1.xsd, http://www.springframework.org/schema/task/spring-task-3.2.xsd=org/springframework/scheduling/config/spring-task-3.2.xsd, http://www.springframework.org/schema/context/spring-context-3.0.xsd=org/springframework/context/config/spring-context-3.0.xsd, http://www.springframework.org/schema/tool/spring-tool.xsd=org/springframework/beans/factory/xml/spring-tool-3.2.xsd, http://www.springframework.org/schema/util/spring-util-3.0.xsd=org/springframework/beans/factory/xml/spring-util-3.0.xsd, http://www.springframework.org/schema/util/spring-util-2.0.xsd=org/springframework/beans/factory/xml/spring-util-2.0.xsd, http://www.springframework.org/schema/lang/spring-lang-3.0.xsd=org/springframework/scripting/config/spring-lang-3.0.xsd, http://www.springframework.org/schema/lang/spring-lang-2.0.xsd=org/springframework/scripting/config/spring-lang-2.0.xsd, http://www.springframework.org/schema/tool/spring-tool-3.2.xsd=org/springframework/beans/factory/xml/spring-tool-3.2.xsd, http://www.springframework.org/schema/beans/spring-beans-2.5.xsd=org/springframework/beans/factory/xml/spring-beans-2.5.xsd}
25.08.2013 14:26:37 DEBUG PluggableSchemaResolver [main] Found XML schema [http://www.springframework.org/schema/beans/spring-beans.xsd] in classpath: org/springframework/beans/factory/xml/spring-beans-3.2.xsd
25.08.2013 14:26:38 DEBUG DefaultBeanDefinitionDocumentReader [main] Loading bean definitions
25.08.2013 14:26:38 DEBUG BeanDefinitionParserDelegate [main] No XML 'id' specified - using 'helpService' as bean name and [] as aliases
25.08.2013 14:26:38 DEBUG BeanDefinitionParserDelegate [main] No XML 'id' specified - using 'configurationService' as bean name and [] as aliases
25.08.2013 14:26:38 DEBUG BeanDefinitionParserDelegate [main] No XML 'id' specified - using 'writeService' as bean name and [] as aliases
25.08.2013 14:26:38 DEBUG BeanDefinitionParserDelegate [main] No XML 'id' specified - using 'readService' as bean name and [] as aliases
25.08.2013 14:26:38 DEBUG XmlBeanDefinitionReader [main] Loaded 5 bean definitions from location pattern [classpath:sp-loggi.xml]
25.08.2013 14:26:38 INFO GenericXmlApplicationContext [main] Refreshing org.springframework.context.support.GenericXmlApplicationContext@572bd15e: startup date [Sun Aug 25 14:26:38 CEST 2013]; root of context hierarchy
25.08.2013 14:26:38 DEBUG GenericXmlApplicationContext [main] Bean factory for org.springframework.context.support.GenericXmlApplicationContext@572bd15e: org.springframework.beans.factory.support.DefaultListableBeanFactory@4e36f29f: defining beans [propertyConfiguration,helpService,configurationService,writeService,readService]; root of factory hierarchy
25.08.2013 14:26:38 DEBUG DefaultListableBeanFactory [main] Creating shared instance of singleton bean 'propertyConfiguration'
25.08.2013 14:26:38 DEBUG DefaultListableBeanFactory [main] Creating instance of bean 'propertyConfiguration'
25.08.2013 14:26:38 DEBUG DefaultListableBeanFactory [main] Eagerly caching bean 'propertyConfiguration' to allow for resolving potential circular references
25.08.2013 14:26:38 DEBUG StandardEnvironment [main] Initializing new StandardEnvironment
25.08.2013 14:26:38 DEBUG StandardEnvironment [main] Adding [systemProperties] PropertySource with lowest search precedence
25.08.2013 14:26:38 DEBUG StandardEnvironment [main] Adding [systemEnvironment] PropertySource with lowest search precedence
25.08.2013 14:26:38 DEBUG StandardEnvironment [main] Initialized StandardEnvironment with PropertySources [systemProperties,systemEnvironment]
25.08.2013 14:26:38 DEBUG StandardEnvironment [main] Initializing new StandardEnvironment
25.08.2013 14:26:38 DEBUG StandardEnvironment [main] Adding [systemProperties] PropertySource with lowest search precedence
25.08.2013 14:26:38 DEBUG StandardEnvironment [main] Adding [systemEnvironment] PropertySource with lowest search precedence
25.08.2013 14:26:38 DEBUG StandardEnvironment [main] Initialized StandardEnvironment with PropertySources [systemProperties,systemEnvironment]
25.08.2013 14:26:38 DEBUG StandardEnvironment [main] Initializing new StandardEnvironment
25.08.2013 14:26:38 DEBUG StandardEnvironment [main] Adding [systemProperties] PropertySource with lowest search precedence
25.08.2013 14:26:38 DEBUG StandardEnvironment [main] Adding [systemEnvironment] PropertySource with lowest search precedence
25.08.2013 14:26:38 DEBUG StandardEnvironment [main] Initialized StandardEnvironment with PropertySources [systemProperties,systemEnvironment]
25.08.2013 14:26:38 DEBUG StandardEnvironment [main] Initializing new StandardEnvironment
25.08.2013 14:26:38 DEBUG StandardEnvironment [main] Adding [systemProperties] PropertySource with lowest search precedence
25.08.2013 14:26:38 DEBUG StandardEnvironment [main] Adding [systemEnvironment] PropertySource with lowest search precedence
25.08.2013 14:26:38 DEBUG StandardEnvironment [main] Initialized StandardEnvironment with PropertySources [systemProperties,systemEnvironment]
25.08.2013 14:26:38 DEBUG StandardEnvironment [main] Initializing new StandardEnvironment
25.08.2013 14:26:38 DEBUG StandardEnvironment [main] Adding [systemProperties] PropertySource with lowest search precedence
25.08.2013 14:26:38 DEBUG StandardEnvironment [main] Adding [systemEnvironment] PropertySource with lowest search precedence
25.08.2013 14:26:38 DEBUG StandardEnvironment [main] Initialized StandardEnvironment with PropertySources [systemProperties,systemEnvironment]
25.08.2013 14:26:38 DEBUG DefaultListableBeanFactory [main] Finished creating instance of bean 'propertyConfiguration'
25.08.2013 14:26:38 INFO PropertyPlaceholderConfigurer [main] Loading properties file from class path resource [loggi.properties]
25.08.2013 14:26:38 DEBUG GenericXmlApplicationContext [main] Unable to locate MessageSource with name 'messageSource': using default [org.springframework.context.support.DelegatingMessageSource@1814786f]
25.08.2013 14:26:38 DEBUG GenericXmlApplicationContext [main] Unable to locate ApplicationEventMulticaster with name 'applicationEventMulticaster': using default [org.springframework.context.event.SimpleApplicationEventMulticaster@a3f5f3]
25.08.2013 14:26:38 INFO DefaultListableBeanFactory [main] Pre-instantiating singletons in org.springframework.beans.factory.support.DefaultListableBeanFactory@4e36f29f: defining beans [propertyConfiguration,helpService,configurationService,writeService,readService]; root of factory hierarchy
25.08.2013 14:26:38 DEBUG DefaultListableBeanFactory [main] Returning cached instance of singleton bean 'propertyConfiguration'
25.08.2013 14:26:38 DEBUG DefaultListableBeanFactory [main] Creating shared instance of singleton bean 'helpService'
25.08.2013 14:26:38 DEBUG DefaultListableBeanFactory [main] Creating instance of bean 'helpService'
25.08.2013 14:26:38 DEBUG DefaultListableBeanFactory [main] Eagerly caching bean 'helpService' to allow for resolving potential circular references
25.08.2013 14:26:38 DEBUG DefaultListableBeanFactory [main] Finished creating instance of bean 'helpService'
25.08.2013 14:26:38 DEBUG DefaultListableBeanFactory [main] Creating shared instance of singleton bean 'configurationService'
25.08.2013 14:26:38 DEBUG DefaultListableBeanFactory [main] Creating instance of bean 'configurationService'
25.08.2013 14:26:38 DEBUG DefaultListableBeanFactory [main] Eagerly caching bean 'configurationService' to allow for resolving potential circular references
25.08.2013 14:26:38 DEBUG DefaultListableBeanFactory [main] Finished creating instance of bean 'configurationService'
25.08.2013 14:26:38 DEBUG DefaultListableBeanFactory [main] Creating shared instance of singleton bean 'writeService'
25.08.2013 14:26:38 DEBUG DefaultListableBeanFactory [main] Creating instance of bean 'writeService'
25.08.2013 14:26:38 DEBUG DefaultListableBeanFactory [main] Eagerly caching bean 'writeService' to allow for resolving potential circular references
25.08.2013 14:26:38 DEBUG DefaultListableBeanFactory [main] Returning cached instance of singleton bean 'configurationService'
25.08.2013 14:26:38 DEBUG DefaultListableBeanFactory [main] Finished creating instance of bean 'writeService'
25.08.2013 14:26:38 DEBUG DefaultListableBeanFactory [main] Creating shared instance of singleton bean 'readService'
25.08.2013 14:26:38 DEBUG DefaultListableBeanFactory [main] Creating instance of bean 'readService'
25.08.2013 14:26:38 DEBUG DefaultListableBeanFactory [main] Eagerly caching bean 'readService' to allow for resolving potential circular references
25.08.2013 14:26:38 DEBUG DefaultListableBeanFactory [main] Returning cached instance of singleton bean 'configurationService'
25.08.2013 14:26:38 DEBUG DefaultListableBeanFactory [main] Returning cached instance of singleton bean 'writeService'
25.08.2013 14:26:38 DEBUG DefaultListableBeanFactory [main] Finished creating instance of bean 'readService'
25.08.2013 14:26:38 DEBUG GenericXmlApplicationContext [main] Unable to locate LifecycleProcessor with name 'lifecycleProcessor': using default [org.springframework.context.support.DefaultLifecycleProcessor@50bb2e5f]
25.08.2013 14:26:38 DEBUG DefaultListableBeanFactory [main] Returning cached instance of singleton bean 'lifecycleProcessor'
25.08.2013 14:26:38 DEBUG PropertySourcesPropertyResolver [main] Searching for key 'spring.liveBeansView.mbeanDomain' in [systemProperties]
25.08.2013 14:26:38 DEBUG PropertySourcesPropertyResolver [main] Searching for key 'spring.liveBeansView.mbeanDomain' in [systemEnvironment]
25.08.2013 14:26:38 DEBUG PropertySourcesPropertyResolver [main] Could not find key 'spring.liveBeansView.mbeanDomain' in any property source. Returning [null]
25.08.2013 14:26:38 DEBUG DefaultListableBeanFactory [main] Returning cached instance of singleton bean 'helpService'
25.08.2013 14:26:38 DEBUG DefaultListableBeanFactory [main] Returning cached instance of singleton bean 'writeService'
25.08.2013 14:26:38 DEBUG DefaultListableBeanFactory [main] Returning cached instance of singleton bean 'configurationService'
25.08.2013 14:26:38 DEBUG H2WriteServiceImpl [main] H2> create table records(date varchar(255), level varchar(255))
25.08.2013 14:26:38 DEBUG LoggiApp [main] Using configuration template: 
 {"dbMode":"memory","recordSeparator":"\\d{2}\\.\\d{2}\\.\\d{4}","columns":[{"name":"date","defaultValue":"undefined","dataType":"varchar(255)","processorName":"de.dmc.loggi.processors.impl.RegexMatchProcessor","attributes":[{"name":"regex","value":"\\d{2}\\.\\d{2}\\.\\d{4}"}]},{"name":"level","defaultValue":"undefined","dataType":"varchar(255)","processorName":"de.dmc.loggi.processors.impl.RegexMatchProcessor","attributes":[{"name":"regex","value":"(ERROR|WARN|INFO)"}]}]}
25.08.2013 14:26:38 DEBUG DefaultListableBeanFactory [main] Returning cached instance of singleton bean 'readService'
25.08.2013 14:26:38 DEBUG ReadServiceImpl [main] Processing with 7 threads
25.08.2013 14:27:02 DEBUG H2WriteServiceImpl [ColumnProcessor1] H2> insert into records(date,level) values ('21.08.2013','ERROR')
25.08.2013 14:27:05 DEBUG H2WriteServiceImpl [ColumnProcessor2] H2> insert into records(date,level) values ('22.08.2013','ERROR')
25.08.2013 14:27:06 DEBUG H2WriteServiceImpl [ColumnProcessor3] H2> insert into records(date,level) values ('23.08.2013','ERROR')
25.08.2013 14:28:11 DEBUG StandardEnvironment [main] Initializing new StandardEnvironment
25.08.2013 14:28:11 DEBUG StandardEnvironment [main] Adding [systemProperties] PropertySource with lowest search precedence
25.08.2013 14:28:11 DEBUG StandardEnvironment [main] Adding [systemEnvironment] PropertySource with lowest search precedence
25.08.2013 14:28:11 DEBUG StandardEnvironment [main] Initialized StandardEnvironment with PropertySources [systemProperties,systemEnvironment]
25.08.2013 14:28:11 DEBUG StandardEnvironment [main] Initializing new StandardEnvironment
25.08.2013 14:28:11 DEBUG StandardEnvironment [main] Adding [systemProperties] PropertySource with lowest search precedence
25.08.2013 14:28:11 DEBUG StandardEnvironment [main] Adding [systemEnvironment] PropertySource with lowest search precedence
25.08.2013 14:28:11 DEBUG StandardEnvironment [main] Initialized StandardEnvironment with PropertySources [systemProperties,systemEnvironment]
25.08.2013 14:28:11 INFO XmlBeanDefinitionReader [main] Loading XML bean definitions from class path resource [sp-loggi.xml]
25.08.2013 14:28:11 DEBUG DefaultDocumentLoader [main] Using JAXP provider [com.sun.org.apache.xerces.internal.jaxp.DocumentBuilderFactoryImpl]
25.08.2013 14:28:11 DEBUG PluggableSchemaResolver [main] Loading schema mappings from [META-INF/spring.schemas]
25.08.2013 14:28:11 DEBUG PluggableSchemaResolver [main] Loaded schema mappings: {http://www.springframework.org/schema/util/spring-util.xsd=org/springframework/beans/factory/xml/spring-util-3.2.xsd, http://www.springframework.org/schema/jee/spring-jee-3.2.xsd=org/springframework/ejb/config/spring-jee-3.2.xsd, http://www.springframework.org/schema/beans/spring-beans-3.1.xsd=org/springframework/beans/factory/xml/spring-beans-3.1.xsd, http://www.springframework.org/schema/task/spring-task.xsd=org/springframework/scheduling/config/spring-task-3.2.xsd, http://www.springframework.org/schema/cache/spring-cache.xsd=org/springframework/cache/config/spring-cache-3.2.xsd, http://www.springframework.org/schema/aop/spring-aop-3.0.xsd=org/springframework/aop/config/spring-aop-3.0.xsd, http://www.springframework.org/schema/aop/spring-aop-2.0.xsd=org/springframework/aop/config/spring-aop-2.0.xsd, http://www.springframework.org/schema/task/spring-task-3.1.xsd=org/springframework/scheduling/config/spring-task-3.1.xsd, http://www.springframework.org/schema/tool/spring-tool-2.5.xsd=org/springframework/beans/factory/xml/spring-tool-2.5.xsd, http://www.springframework.org/schema/beans/spring-beans.xsd=org/springframework/beans/factory/xml/spring-beans-3.2.xsd, http://www.springframework.org/schema/jee/spring-jee-2.5.xsd=org/springframework/ejb/config/spring-jee-2.5.xsd, http://www.springframework.org/schema/tool/spring-tool-3.1.xsd=org/springframework/beans/factory/xml/spring-tool-3.1.xsd, http://www.springframework.org/schema/aop/spring-aop.xsd=org/springframework/aop/config/spring-aop-3.2.xsd, http://www.springframework.org/schema/jee/spring-jee-3.1.xsd=org/springframework/ejb/config/spring-jee-3.1.xsd, http://www.springframework.org/schema/context/spring-context-3.2.xsd=org/springframework/context/config/spring-context-3.2.xsd, http://www.springframework.org/schema/util/spring-util-3.2.xsd=org/springframework/beans/factory/xml/spring-util-3.2.xsd, http://www.springframework.org/schema/beans/spring-beans-2.0.xsd=org/springframework/beans/factory/xml/spring-beans-2.0.xsd, http://www.springframework.org/schema/lang/spring-lang-3.2.xsd=org/springframework/scripting/config/spring-lang-3.2.xsd, http://www.springframework.org/schema/beans/spring-beans-3.0.xsd=org/springframework/beans/factory/xml/spring-beans-3.0.xsd, http://www.springframework.org/schema/cache/spring-cache-3.2.xsd=org/springframework/cache/config/spring-cache-3.2.xsd, http://www.springframework.org/schema/task/spring-task-3.0.xsd=org/springframework/scheduling/config/spring-task-3.0.xsd, http://www.springframework.org/schema/context/spring-context-2.5.xsd=org/springframework/context/config/spring-context-2.5.xsd, http://www.springframework.org/schema/tool/spring-tool-3.0.xsd=org/springframework/beans/factory/xml/spring-tool-3.0.xsd, http://www.springframework.org/schema/util/spring-util-2.5.xsd=org/springframework/beans/factory/xml/spring-util-2.5.xsd, http://www.springframework.org/schema/tool/spring-tool-2.0.xsd=org/springframework/beans/factory/xml/spring-tool-2.0.xsd, http://www.springframework.org/schema/lang/spring-lang.xsd=org/springframework/scripting/config/spring-lang-3.2.xsd, http://www.springframework.org/schema/lang/spring-lang-2.5.xsd=org/springframework/scripting/config/spring-lang-2.5.xsd, http://www.springframework.org/schema/aop/spring-aop-3.2.xsd=org/springframework/aop/config/spring-aop-3.2.xsd, http://www.springframework.org/schema/jee/spring-jee-3.0.xsd=org/springframework/ejb/config/spring-jee-3.0.xsd, http://www.springframework.org/schema/jee/spring-jee-2.0.xsd=org/springframework/ejb/config/spring-jee-2.0.xsd, http://www.springframework.org/schema/context/spring-context-3.1.xsd=org/springframework/context/config/spring-context-3.1.xsd, http://www.springframework.org/schema/util/spring-util-3.1.xsd=org/springframework/beans/factory/xml/spring-util-3.1.xsd, http://www.springframework.org/schema/lang/spring-lang-3.1.xsd=org/springframework/scripting/config/spring-lang-3.1.xsd, http://www.springframework.org/schema/cache/spring-cache-3.1.xsd=org/springframework/cache/config/spring-cache-3.1.xsd, http://www.springframework.org/schema/context/spring-context.xsd=org/springframework/context/config/spring-context-3.2.xsd, http://www.springframework.org/schema/jee/spring-jee.xsd=org/springframework/ejb/config/spring-jee-3.2.xsd, http://www.springframework.org/schema/aop/spring-aop-2.5.xsd=org/springframework/aop/config/spring-aop-2.5.xsd, http://www.springframework.org/schema/beans/spring-beans-3.2.xsd=org/springframework/beans/factory/xml/spring-beans-3.2.xsd, http://www.springframework.org/schema/aop/spring-aop-3.1.xsd=org/springframework/aop/config/spring-aop-3.1.xsd, http://www.springframework.org/schema/task/spring-task-3.2.xsd=org/springframework/scheduling/config/spring-task-3.2.xsd, http://www.springframework.org/schema/context/spring-context-3.0.xsd=org/springframework/context/config/spring-context-3.0.xsd, http://www.springframework.org/schema/tool/spring-tool.xsd=org/springframework/beans/factory/xml/spring-tool-3.2.xsd, http://www.springframework.org/schema/util/spring-util-3.0.xsd=org/springframework/beans/factory/xml/spring-util-3.0.xsd, http://www.springframework.org/schema/util/spring-util-2.0.xsd=org/springframework/beans/factory/xml/spring-util-2.0.xsd, http://www.springframework.org/schema/lang/spring-lang-3.0.xsd=org/springframework/scripting/config/spring-lang-3.0.xsd, http://www.springframework.org/schema/lang/spring-lang-2.0.xsd=org/springframework/scripting/config/spring-lang-2.0.xsd, http://www.springframework.org/schema/tool/spring-tool-3.2.xsd=org/springframework/beans/factory/xml/spring-tool-3.2.xsd, http://www.springframework.org/schema/beans/spring-beans-2.5.xsd=org/springframework/beans/factory/xml/spring-beans-2.5.xsd}
25.08.2013 14:28:11 DEBUG PluggableSchemaResolver [main] Found XML schema [http://www.springframework.org/schema/beans/spring-beans.xsd] in classpath: org/springframework/beans/factory/xml/spring-beans-3.2.xsd
25.08.2013 14:28:11 DEBUG DefaultBeanDefinitionDocumentReader [main] Loading bean definitions
25.08.2013 14:28:11 DEBUG BeanDefinitionParserDelegate [main] No XML 'id' specified - using 'helpService' as bean name and [] as aliases
25.08.2013 14:28:11 DEBUG BeanDefinitionParserDelegate [main] No XML 'id' specified - using 'configurationService' as bean name and [] as aliases
25.08.2013 14:28:11 DEBUG BeanDefinitionParserDelegate [main] No XML 'id' specified - using 'writeService' as bean name and [] as aliases
25.08.2013 14:28:11 DEBUG BeanDefinitionParserDelegate [main] No XML 'id' specified - using 'readService' as bean name and [] as aliases
25.08.2013 14:28:11 DEBUG XmlBeanDefinitionReader [main] Loaded 5 bean definitions from location pattern [classpath:sp-loggi.xml]
25.08.2013 14:28:11 INFO GenericXmlApplicationContext [main] Refreshing org.springframework.context.support.GenericXmlApplicationContext@6dbac50f: startup date [Sun Aug 25 14:28:11 CEST 2013]; root of context hierarchy
25.08.2013 14:28:11 DEBUG GenericXmlApplicationContext [main] Bean factory for org.springframework.context.support.GenericXmlApplicationContext@6dbac50f: org.springframework.beans.factory.support.DefaultListableBeanFactory@5fe633e4: defining beans [propertyConfiguration,helpService,configurationService,writeService,readService]; root of factory hierarchy
25.08.2013 14:28:11 DEBUG DefaultListableBeanFactory [main] Creating shared instance of singleton bean 'propertyConfiguration'
25.08.2013 14:28:11 DEBUG DefaultListableBeanFactory [main] Creating instance of bean 'propertyConfiguration'
25.08.2013 14:28:11 DEBUG DefaultListableBeanFactory [main] Eagerly caching bean 'propertyConfiguration' to allow for resolving potential circular references
25.08.2013 14:28:11 DEBUG StandardEnvironment [main] Initializing new StandardEnvironment
25.08.2013 14:28:11 DEBUG StandardEnvironment [main] Adding [systemProperties] PropertySource with lowest search precedence
25.08.2013 14:28:11 DEBUG StandardEnvironment [main] Adding [systemEnvironment] PropertySource with lowest search precedence
25.08.2013 14:28:11 DEBUG StandardEnvironment [main] Initialized StandardEnvironment with PropertySources [systemProperties,systemEnvironment]
25.08.2013 14:28:11 DEBUG StandardEnvironment [main] Initializing new StandardEnvironment
25.08.2013 14:28:11 DEBUG StandardEnvironment [main] Adding [systemProperties] PropertySource with lowest search precedence
25.08.2013 14:28:11 DEBUG StandardEnvironment [main] Adding [systemEnvironment] PropertySource with lowest search precedence
25.08.2013 14:28:11 DEBUG StandardEnvironment [main] Initialized StandardEnvironment with PropertySources [systemProperties,systemEnvironment]
25.08.2013 14:28:11 DEBUG StandardEnvironment [main] Initializing new StandardEnvironment
25.08.2013 14:28:11 DEBUG StandardEnvironment [main] Adding [systemProperties] PropertySource with lowest search precedence
25.08.2013 14:28:11 DEBUG StandardEnvironment [main] Adding [systemEnvironment] PropertySource with lowest search precedence
25.08.2013 14:28:11 DEBUG StandardEnvironment [main] Initialized StandardEnvironment with PropertySources [systemProperties,systemEnvironment]
25.08.2013 14:28:11 DEBUG StandardEnvironment [main] Initializing new StandardEnvironment
25.08.2013 14:28:11 DEBUG StandardEnvironment [main] Adding [systemProperties] PropertySource with lowest search precedence
25.08.2013 14:28:11 DEBUG StandardEnvironment [main] Adding [systemEnvironment] PropertySource with lowest search precedence
25.08.2013 14:28:11 DEBUG StandardEnvironment [main] Initialized StandardEnvironment with PropertySources [systemProperties,systemEnvironment]
25.08.2013 14:28:11 DEBUG StandardEnvironment [main] Initializing new StandardEnvironment
25.08.2013 14:28:11 DEBUG StandardEnvironment [main] Adding [systemProperties] PropertySource with lowest search precedence
25.08.2013 14:28:11 DEBUG StandardEnvironment [main] Adding [systemEnvironment] PropertySource with lowest search precedence
25.08.2013 14:28:11 DEBUG StandardEnvironment [main] Initialized StandardEnvironment with PropertySources [systemProperties,systemEnvironment]
25.08.2013 14:28:11 DEBUG DefaultListableBeanFactory [main] Finished creating instance of bean 'propertyConfiguration'
25.08.2013 14:28:11 INFO PropertyPlaceholderConfigurer [main] Loading properties file from class path resource [loggi.properties]
25.08.2013 14:28:11 DEBUG GenericXmlApplicationContext [main] Unable to locate MessageSource with name 'messageSource': using default [org.springframework.context.support.DelegatingMessageSource@6e8362dc]
25.08.2013 14:28:12 DEBUG GenericXmlApplicationContext [main] Unable to locate ApplicationEventMulticaster with name 'applicationEventMulticaster': using default [org.springframework.context.event.SimpleApplicationEventMulticaster@94b28ec]
25.08.2013 14:28:12 INFO DefaultListableBeanFactory [main] Pre-instantiating singletons in org.springframework.beans.factory.support.DefaultListableBeanFactory@5fe633e4: defining beans [propertyConfiguration,helpService,configurationService,writeService,readService]; root of factory hierarchy
25.08.2013 14:28:12 DEBUG DefaultListableBeanFactory [main] Returning cached instance of singleton bean 'propertyConfiguration'
25.08.2013 14:28:12 DEBUG DefaultListableBeanFactory [main] Creating shared instance of singleton bean 'helpService'
25.08.2013 14:28:12 DEBUG DefaultListableBeanFactory [main] Creating instance of bean 'helpService'
25.08.2013 14:28:12 DEBUG DefaultListableBeanFactory [main] Eagerly caching bean 'helpService' to allow for resolving potential circular references
25.08.2013 14:28:12 DEBUG DefaultListableBeanFactory [main] Finished creating instance of bean 'helpService'
25.08.2013 14:28:12 DEBUG DefaultListableBeanFactory [main] Creating shared instance of singleton bean 'configurationService'
25.08.2013 14:28:12 DEBUG DefaultListableBeanFactory [main] Creating instance of bean 'configurationService'
25.08.2013 14:28:12 DEBUG DefaultListableBeanFactory [main] Eagerly caching bean 'configurationService' to allow for resolving potential circular references
25.08.2013 14:28:12 DEBUG DefaultListableBeanFactory [main] Finished creating instance of bean 'configurationService'
25.08.2013 14:28:12 DEBUG DefaultListableBeanFactory [main] Creating shared instance of singleton bean 'writeService'
25.08.2013 14:28:12 DEBUG DefaultListableBeanFactory [main] Creating instance of bean 'writeService'
25.08.2013 14:28:12 DEBUG DefaultListableBeanFactory [main] Eagerly caching bean 'writeService' to allow for resolving potential circular references
25.08.2013 14:28:12 DEBUG DefaultListableBeanFactory [main] Returning cached instance of singleton bean 'configurationService'
25.08.2013 14:28:12 DEBUG DefaultListableBeanFactory [main] Finished creating instance of bean 'writeService'
25.08.2013 14:28:12 DEBUG DefaultListableBeanFactory [main] Creating shared instance of singleton bean 'readService'
25.08.2013 14:28:12 DEBUG DefaultListableBeanFactory [main] Creating instance of bean 'readService'
25.08.2013 14:28:12 DEBUG DefaultListableBeanFactory [main] Eagerly caching bean 'readService' to allow for resolving potential circular references
25.08.2013 14:28:12 DEBUG DefaultListableBeanFactory [main] Returning cached instance of singleton bean 'configurationService'
25.08.2013 14:28:12 DEBUG DefaultListableBeanFactory [main] Returning cached instance of singleton bean 'writeService'
25.08.2013 14:28:12 DEBUG DefaultListableBeanFactory [main] Finished creating instance of bean 'readService'
25.08.2013 14:28:12 DEBUG GenericXmlApplicationContext [main] Unable to locate LifecycleProcessor with name 'lifecycleProcessor': using default [org.springframework.context.support.DefaultLifecycleProcessor@791410f4]
25.08.2013 14:28:12 DEBUG DefaultListableBeanFactory [main] Returning cached instance of singleton bean 'lifecycleProcessor'
25.08.2013 14:28:12 DEBUG PropertySourcesPropertyResolver [main] Searching for key 'spring.liveBeansView.mbeanDomain' in [systemProperties]
25.08.2013 14:28:12 DEBUG PropertySourcesPropertyResolver [main] Searching for key 'spring.liveBeansView.mbeanDomain' in [systemEnvironment]
25.08.2013 14:28:12 DEBUG PropertySourcesPropertyResolver [main] Could not find key 'spring.liveBeansView.mbeanDomain' in any property source. Returning [null]
25.08.2013 14:28:12 DEBUG DefaultListableBeanFactory [main] Returning cached instance of singleton bean 'helpService'
25.08.2013 14:28:12 DEBUG DefaultListableBeanFactory [main] Returning cached instance of singleton bean 'writeService'
25.08.2013 14:28:12 DEBUG DefaultListableBeanFactory [main] Returning cached instance of singleton bean 'configurationService'
25.08.2013 14:28:27 DEBUG H2WriteServiceImpl [main] H2> create table records(date varchar(255), level varchar(255))
25.08.2013 14:28:45 DEBUG LoggiApp [main] Using configuration template: 
 {"dbMode":"memory","recordSeparator":"\\d{2}\\.\\d{2}\\.\\d{4}","columns":[{"name":"date","defaultValue":"undefined","dataType":"varchar(255)","processorName":"de.dmc.loggi.processors.impl.RegexMatchProcessor","attributes":[{"name":"regex","value":"\\d{2}\\.\\d{2}\\.\\d{4}"}]},{"name":"level","defaultValue":"undefined","dataType":"varchar(255)","processorName":"de.dmc.loggi.processors.impl.RegexMatchProcessor","attributes":[{"name":"regex","value":"(ERROR|WARN|INFO)"}]}]}
25.08.2013 14:29:02 DEBUG DefaultListableBeanFactory [main] Returning cached instance of singleton bean 'readService'
25.08.2013 14:29:03 DEBUG ReadServiceImpl [main] Processing with 7 threads
25.08.2013 14:29:03 DEBUG H2WriteServiceImpl [ColumnProcessor1] H2> insert into records(date,level) values ('21.08.2013','ERROR')
25.08.2013 14:29:03 DEBUG H2WriteServiceImpl [ColumnProcessor2] H2> insert into records(date,level) values ('22.08.2013','ERROR')
25.08.2013 14:29:03 DEBUG H2WriteServiceImpl [ColumnProcessor3] H2> insert into records(date,level) values ('23.08.2013','ERROR')
25.08.2013 14:30:56 DEBUG StandardEnvironment [main] Initializing new StandardEnvironment
25.08.2013 14:30:56 DEBUG StandardEnvironment [main] Adding [systemProperties] PropertySource with lowest search precedence
25.08.2013 14:30:56 DEBUG StandardEnvironment [main] Adding [systemEnvironment] PropertySource with lowest search precedence
25.08.2013 14:30:56 DEBUG StandardEnvironment [main] Initialized StandardEnvironment with PropertySources [systemProperties,systemEnvironment]
25.08.2013 14:30:56 DEBUG StandardEnvironment [main] Initializing new StandardEnvironment
25.08.2013 14:30:56 DEBUG StandardEnvironment [main] Adding [systemProperties] PropertySource with lowest search precedence
25.08.2013 14:30:56 DEBUG StandardEnvironment [main] Adding [systemEnvironment] PropertySource with lowest search precedence
25.08.2013 14:30:56 DEBUG StandardEnvironment [main] Initialized StandardEnvironment with PropertySources [systemProperties,systemEnvironment]
25.08.2013 14:30:56 INFO XmlBeanDefinitionReader [main] Loading XML bean definitions from class path resource [sp-loggi.xml]
25.08.2013 14:30:56 DEBUG DefaultDocumentLoader [main] Using JAXP provider [com.sun.org.apache.xerces.internal.jaxp.DocumentBuilderFactoryImpl]
25.08.2013 14:30:56 DEBUG PluggableSchemaResolver [main] Loading schema mappings from [META-INF/spring.schemas]
25.08.2013 14:30:56 DEBUG PluggableSchemaResolver [main] Loaded schema mappings: {http://www.springframework.org/schema/util/spring-util.xsd=org/springframework/beans/factory/xml/spring-util-3.2.xsd, http://www.springframework.org/schema/jee/spring-jee-3.2.xsd=org/springframework/ejb/config/spring-jee-3.2.xsd, http://www.springframework.org/schema/beans/spring-beans-3.1.xsd=org/springframework/beans/factory/xml/spring-beans-3.1.xsd, http://www.springframework.org/schema/task/spring-task.xsd=org/springframework/scheduling/config/spring-task-3.2.xsd, http://www.springframework.org/schema/cache/spring-cache.xsd=org/springframework/cache/config/spring-cache-3.2.xsd, http://www.springframework.org/schema/aop/spring-aop-3.0.xsd=org/springframework/aop/config/spring-aop-3.0.xsd, http://www.springframework.org/schema/aop/spring-aop-2.0.xsd=org/springframework/aop/config/spring-aop-2.0.xsd, http://www.springframework.org/schema/task/spring-task-3.1.xsd=org/springframework/scheduling/config/spring-task-3.1.xsd, http://www.springframework.org/schema/tool/spring-tool-2.5.xsd=org/springframework/beans/factory/xml/spring-tool-2.5.xsd, http://www.springframework.org/schema/beans/spring-beans.xsd=org/springframework/beans/factory/xml/spring-beans-3.2.xsd, http://www.springframework.org/schema/jee/spring-jee-2.5.xsd=org/springframework/ejb/config/spring-jee-2.5.xsd, http://www.springframework.org/schema/tool/spring-tool-3.1.xsd=org/springframework/beans/factory/xml/spring-tool-3.1.xsd, http://www.springframework.org/schema/aop/spring-aop.xsd=org/springframework/aop/config/spring-aop-3.2.xsd, http://www.springframework.org/schema/jee/spring-jee-3.1.xsd=org/springframework/ejb/config/spring-jee-3.1.xsd, http://www.springframework.org/schema/context/spring-context-3.2.xsd=org/springframework/context/config/spring-context-3.2.xsd, http://www.springframework.org/schema/util/spring-util-3.2.xsd=org/springframework/beans/factory/xml/spring-util-3.2.xsd, http://www.springframework.org/schema/beans/spring-beans-2.0.xsd=org/springframework/beans/factory/xml/spring-beans-2.0.xsd, http://www.springframework.org/schema/lang/spring-lang-3.2.xsd=org/springframework/scripting/config/spring-lang-3.2.xsd, http://www.springframework.org/schema/beans/spring-beans-3.0.xsd=org/springframework/beans/factory/xml/spring-beans-3.0.xsd, http://www.springframework.org/schema/cache/spring-cache-3.2.xsd=org/springframework/cache/config/spring-cache-3.2.xsd, http://www.springframework.org/schema/task/spring-task-3.0.xsd=org/springframework/scheduling/config/spring-task-3.0.xsd, http://www.springframework.org/schema/context/spring-context-2.5.xsd=org/springframework/context/config/spring-context-2.5.xsd, http://www.springframework.org/schema/tool/spring-tool-3.0.xsd=org/springframework/beans/factory/xml/spring-tool-3.0.xsd, http://www.springframework.org/schema/util/spring-util-2.5.xsd=org/springframework/beans/factory/xml/spring-util-2.5.xsd, http://www.springframework.org/schema/tool/spring-tool-2.0.xsd=org/springframework/beans/factory/xml/spring-tool-2.0.xsd, http://www.springframework.org/schema/lang/spring-lang.xsd=org/springframework/scripting/config/spring-lang-3.2.xsd, http://www.springframework.org/schema/lang/spring-lang-2.5.xsd=org/springframework/scripting/config/spring-lang-2.5.xsd, http://www.springframework.org/schema/aop/spring-aop-3.2.xsd=org/springframework/aop/config/spring-aop-3.2.xsd, http://www.springframework.org/schema/jee/spring-jee-3.0.xsd=org/springframework/ejb/config/spring-jee-3.0.xsd, http://www.springframework.org/schema/jee/spring-jee-2.0.xsd=org/springframework/ejb/config/spring-jee-2.0.xsd, http://www.springframework.org/schema/context/spring-context-3.1.xsd=org/springframework/context/config/spring-context-3.1.xsd, http://www.springframework.org/schema/util/spring-util-3.1.xsd=org/springframework/beans/factory/xml/spring-util-3.1.xsd, http://www.springframework.org/schema/lang/spring-lang-3.1.xsd=org/springframework/scripting/config/spring-lang-3.1.xsd, http://www.springframework.org/schema/cache/spring-cache-3.1.xsd=org/springframework/cache/config/spring-cache-3.1.xsd, http://www.springframework.org/schema/context/spring-context.xsd=org/springframework/context/config/spring-context-3.2.xsd, http://www.springframework.org/schema/jee/spring-jee.xsd=org/springframework/ejb/config/spring-jee-3.2.xsd, http://www.springframework.org/schema/aop/spring-aop-2.5.xsd=org/springframework/aop/config/spring-aop-2.5.xsd, http://www.springframework.org/schema/beans/spring-beans-3.2.xsd=org/springframework/beans/factory/xml/spring-beans-3.2.xsd, http://www.springframework.org/schema/aop/spring-aop-3.1.xsd=org/springframework/aop/config/spring-aop-3.1.xsd, http://www.springframework.org/schema/task/spring-task-3.2.xsd=org/springframework/scheduling/config/spring-task-3.2.xsd, http://www.springframework.org/schema/context/spring-context-3.0.xsd=org/springframework/context/config/spring-context-3.0.xsd, http://www.springframework.org/schema/tool/spring-tool.xsd=org/springframework/beans/factory/xml/spring-tool-3.2.xsd, http://www.springframework.org/schema/util/spring-util-3.0.xsd=org/springframework/beans/factory/xml/spring-util-3.0.xsd, http://www.springframework.org/schema/util/spring-util-2.0.xsd=org/springframework/beans/factory/xml/spring-util-2.0.xsd, http://www.springframework.org/schema/lang/spring-lang-3.0.xsd=org/springframework/scripting/config/spring-lang-3.0.xsd, http://www.springframework.org/schema/lang/spring-lang-2.0.xsd=org/springframework/scripting/config/spring-lang-2.0.xsd, http://www.springframework.org/schema/tool/spring-tool-3.2.xsd=org/springframework/beans/factory/xml/spring-tool-3.2.xsd, http://www.springframework.org/schema/beans/spring-beans-2.5.xsd=org/springframework/beans/factory/xml/spring-beans-2.5.xsd}
25.08.2013 14:30:56 DEBUG PluggableSchemaResolver [main] Found XML schema [http://www.springframework.org/schema/beans/spring-beans.xsd] in classpath: org/springframework/beans/factory/xml/spring-beans-3.2.xsd
25.08.2013 14:30:56 DEBUG DefaultBeanDefinitionDocumentReader [main] Loading bean definitions
25.08.2013 14:30:56 DEBUG BeanDefinitionParserDelegate [main] No XML 'id' specified - using 'helpService' as bean name and [] as aliases
25.08.2013 14:30:56 DEBUG BeanDefinitionParserDelegate [main] No XML 'id' specified - using 'configurationService' as bean name and [] as aliases
25.08.2013 14:30:56 DEBUG BeanDefinitionParserDelegate [main] No XML 'id' specified - using 'writeService' as bean name and [] as aliases
25.08.2013 14:30:56 DEBUG BeanDefinitionParserDelegate [main] No XML 'id' specified - using 'readService' as bean name and [] as aliases
25.08.2013 14:30:56 DEBUG XmlBeanDefinitionReader [main] Loaded 5 bean definitions from location pattern [classpath:sp-loggi.xml]
25.08.2013 14:30:56 INFO GenericXmlApplicationContext [main] Refreshing org.springframework.context.support.GenericXmlApplicationContext@2684c71b: startup date [Sun Aug 25 14:30:56 CEST 2013]; root of context hierarchy
25.08.2013 14:30:56 DEBUG GenericXmlApplicationContext [main] Bean factory for org.springframework.context.support.GenericXmlApplicationContext@2684c71b: org.springframework.beans.factory.support.DefaultListableBeanFactory@4e36f29f: defining beans [propertyConfiguration,helpService,configurationService,writeService,readService]; root of factory hierarchy
25.08.2013 14:30:56 DEBUG DefaultListableBeanFactory [main] Creating shared instance of singleton bean 'propertyConfiguration'
25.08.2013 14:30:56 DEBUG DefaultListableBeanFactory [main] Creating instance of bean 'propertyConfiguration'
25.08.2013 14:30:56 DEBUG DefaultListableBeanFactory [main] Eagerly caching bean 'propertyConfiguration' to allow for resolving potential circular references
25.08.2013 14:30:56 DEBUG StandardEnvironment [main] Initializing new StandardEnvironment
25.08.2013 14:30:56 DEBUG StandardEnvironment [main] Adding [systemProperties] PropertySource with lowest search precedence
25.08.2013 14:30:56 DEBUG StandardEnvironment [main] Adding [systemEnvironment] PropertySource with lowest search precedence
25.08.2013 14:30:56 DEBUG StandardEnvironment [main] Initialized StandardEnvironment with PropertySources [systemProperties,systemEnvironment]
25.08.2013 14:30:56 DEBUG StandardEnvironment [main] Initializing new StandardEnvironment
25.08.2013 14:30:56 DEBUG StandardEnvironment [main] Adding [systemProperties] PropertySource with lowest search precedence
25.08.2013 14:30:56 DEBUG StandardEnvironment [main] Adding [systemEnvironment] PropertySource with lowest search precedence
25.08.2013 14:30:56 DEBUG StandardEnvironment [main] Initialized StandardEnvironment with PropertySources [systemProperties,systemEnvironment]
25.08.2013 14:30:56 DEBUG StandardEnvironment [main] Initializing new StandardEnvironment
25.08.2013 14:30:56 DEBUG StandardEnvironment [main] Adding [systemProperties] PropertySource with lowest search precedence
25.08.2013 14:30:56 DEBUG StandardEnvironment [main] Adding [systemEnvironment] PropertySource with lowest search precedence
25.08.2013 14:30:56 DEBUG StandardEnvironment [main] Initialized StandardEnvironment with PropertySources [systemProperties,systemEnvironment]
25.08.2013 14:30:56 DEBUG StandardEnvironment [main] Initializing new StandardEnvironment
25.08.2013 14:30:56 DEBUG StandardEnvironment [main] Adding [systemProperties] PropertySource with lowest search precedence
25.08.2013 14:30:56 DEBUG StandardEnvironment [main] Adding [systemEnvironment] PropertySource with lowest search precedence
25.08.2013 14:30:56 DEBUG StandardEnvironment [main] Initialized StandardEnvironment with PropertySources [systemProperties,systemEnvironment]
25.08.2013 14:30:56 DEBUG StandardEnvironment [main] Initializing new StandardEnvironment
25.08.2013 14:30:56 DEBUG StandardEnvironment [main] Adding [systemProperties] PropertySource with lowest search precedence
25.08.2013 14:30:56 DEBUG StandardEnvironment [main] Adding [systemEnvironment] PropertySource with lowest search precedence
25.08.2013 14:30:56 DEBUG StandardEnvironment [main] Initialized StandardEnvironment with PropertySources [systemProperties,systemEnvironment]
25.08.2013 14:30:56 DEBUG DefaultListableBeanFactory [main] Finished creating instance of bean 'propertyConfiguration'
25.08.2013 14:30:56 INFO PropertyPlaceholderConfigurer [main] Loading properties file from class path resource [loggi.properties]
25.08.2013 14:30:56 DEBUG GenericXmlApplicationContext [main] Unable to locate MessageSource with name 'messageSource': using default [org.springframework.context.support.DelegatingMessageSource@1814786f]
25.08.2013 14:30:56 DEBUG GenericXmlApplicationContext [main] Unable to locate ApplicationEventMulticaster with name 'applicationEventMulticaster': using default [org.springframework.context.event.SimpleApplicationEventMulticaster@a3f5f3]
25.08.2013 14:30:56 INFO DefaultListableBeanFactory [main] Pre-instantiating singletons in org.springframework.beans.factory.support.DefaultListableBeanFactory@4e36f29f: defining beans [propertyConfiguration,helpService,configurationService,writeService,readService]; root of factory hierarchy
25.08.2013 14:30:56 DEBUG DefaultListableBeanFactory [main] Returning cached instance of singleton bean 'propertyConfiguration'
25.08.2013 14:30:56 DEBUG DefaultListableBeanFactory [main] Creating shared instance of singleton bean 'helpService'
25.08.2013 14:30:56 DEBUG DefaultListableBeanFactory [main] Creating instance of bean 'helpService'
25.08.2013 14:30:56 DEBUG DefaultListableBeanFactory [main] Eagerly caching bean 'helpService' to allow for resolving potential circular references
25.08.2013 14:30:56 DEBUG DefaultListableBeanFactory [main] Finished creating instance of bean 'helpService'
25.08.2013 14:30:56 DEBUG DefaultListableBeanFactory [main] Creating shared instance of singleton bean 'configurationService'
25.08.2013 14:30:56 DEBUG DefaultListableBeanFactory [main] Creating instance of bean 'configurationService'
25.08.2013 14:30:56 DEBUG DefaultListableBeanFactory [main] Eagerly caching bean 'configurationService' to allow for resolving potential circular references
25.08.2013 14:30:56 DEBUG DefaultListableBeanFactory [main] Finished creating instance of bean 'configurationService'
25.08.2013 14:30:56 DEBUG DefaultListableBeanFactory [main] Creating shared instance of singleton bean 'writeService'
25.08.2013 14:30:56 DEBUG DefaultListableBeanFactory [main] Creating instance of bean 'writeService'
25.08.2013 14:30:56 DEBUG DefaultListableBeanFactory [main] Eagerly caching bean 'writeService' to allow for resolving potential circular references
25.08.2013 14:30:56 DEBUG DefaultListableBeanFactory [main] Returning cached instance of singleton bean 'configurationService'
25.08.2013 14:30:56 DEBUG DefaultListableBeanFactory [main] Finished creating instance of bean 'writeService'
25.08.2013 14:30:56 DEBUG DefaultListableBeanFactory [main] Creating shared instance of singleton bean 'readService'
25.08.2013 14:30:56 DEBUG DefaultListableBeanFactory [main] Creating instance of bean 'readService'
25.08.2013 14:30:56 DEBUG DefaultListableBeanFactory [main] Eagerly caching bean 'readService' to allow for resolving potential circular references
25.08.2013 14:30:56 DEBUG DefaultListableBeanFactory [main] Returning cached instance of singleton bean 'configurationService'
25.08.2013 14:30:56 DEBUG DefaultListableBeanFactory [main] Returning cached instance of singleton bean 'writeService'
25.08.2013 14:30:56 DEBUG DefaultListableBeanFactory [main] Finished creating instance of bean 'readService'
25.08.2013 14:30:56 DEBUG GenericXmlApplicationContext [main] Unable to locate LifecycleProcessor with name 'lifecycleProcessor': using default [org.springframework.context.support.DefaultLifecycleProcessor@14654146]
25.08.2013 14:30:56 DEBUG DefaultListableBeanFactory [main] Returning cached instance of singleton bean 'lifecycleProcessor'
25.08.2013 14:30:56 DEBUG PropertySourcesPropertyResolver [main] Searching for key 'spring.liveBeansView.mbeanDomain' in [systemProperties]
25.08.2013 14:30:56 DEBUG PropertySourcesPropertyResolver [main] Searching for key 'spring.liveBeansView.mbeanDomain' in [systemEnvironment]
25.08.2013 14:30:56 DEBUG PropertySourcesPropertyResolver [main] Could not find key 'spring.liveBeansView.mbeanDomain' in any property source. Returning [null]
25.08.2013 14:30:56 DEBUG DefaultListableBeanFactory [main] Returning cached instance of singleton bean 'helpService'
25.08.2013 14:30:57 DEBUG DefaultListableBeanFactory [main] Returning cached instance of singleton bean 'writeService'
25.08.2013 14:30:57 DEBUG DefaultListableBeanFactory [main] Returning cached instance of singleton bean 'configurationService'
25.08.2013 14:31:00 DEBUG H2WriteServiceImpl [main] H2> create table records(date varchar(255), level varchar(255))
25.08.2013 14:31:00 DEBUG LoggiApp [main] Using configuration template: 
 {"dbMode":"memory","recordSeparator":"\\d{2}\\.\\d{2}\\.\\d{4}","columns":[{"name":"date","defaultValue":"undefined","dataType":"varchar(255)","processorName":"de.dmc.loggi.processors.impl.RegexMatchProcessor","attributes":[{"name":"regex","value":"\\d{2}\\.\\d{2}\\.\\d{4}"}]},{"name":"level","defaultValue":"undefined","dataType":"varchar(255)","processorName":"de.dmc.loggi.processors.impl.RegexMatchProcessor","attributes":[{"name":"regex","value":"(ERROR|WARN|INFO)"}]}]}
25.08.2013 14:31:00 DEBUG DefaultListableBeanFactory [main] Returning cached instance of singleton bean 'readService'
25.08.2013 14:31:00 DEBUG ReadServiceImpl [main] Processing with 7 threads
25.08.2013 14:31:01 DEBUG H2WriteServiceImpl [ColumnProcessor1] H2> insert into records(date,level) values ('21.08.2013','ERROR')
25.08.2013 14:31:01 DEBUG H2WriteServiceImpl [ColumnProcessor2] H2> insert into records(date,level) values ('22.08.2013','ERROR')
25.08.2013 14:31:01 DEBUG H2WriteServiceImpl [ColumnProcessor3] H2> insert into records(date,level) values ('23.08.2013','ERROR')
